#-----------------------------------------------------------
# Vivado v2019.2 (64-bit)
# SW Build 2700185 on Thu Oct 24 18:46:05 MDT 2019
# IP Build 2699827 on Thu Oct 24 21:16:38 MDT 2019
# Start of session at: Fri Aug 22 10:22:48 2025
# Process ID: 10732
# Current directory: D:/university/studies/FPGA/PJ_FPGA/GA_Genetic_algorithm/GA
# Command line: vivado.exe -gui_launcher_event rodinguilauncherevent8508 D:\university\studies\FPGA\PJ_FPGA\GA_Genetic_algorithm\GA\GA.xpr
# Log file: D:/university/studies/FPGA/PJ_FPGA/GA_Genetic_algorithm/GA/vivado.log
# Journal file: D:/university/studies/FPGA/PJ_FPGA/GA_Genetic_algorithm/GA\vivado.jou
#-----------------------------------------------------------
start_gui
open_project D:/university/studies/FPGA/PJ_FPGA/GA_Genetic_algorithm/GA/GA.xpr
Scanning sources...
Finished scanning sources
INFO: [IP_Flow 19-234] Refreshing IP repositories
INFO: [IP_Flow 19-1704] No user IP repositories specified
INFO: [IP_Flow 19-2313] Loaded Vivado IP repository 'C:/Xilinx/Vivado/2019.2/data/ip'.
open_project: Time (s): cpu = 00:00:43 ; elapsed = 00:00:26 . Memory (MB): peak = 889.438 ; gain = 221.340
update_compile_order -fileset sources_1
exit
INFO: [Common 17-206] Exiting Vivado at Fri Aug 22 10:23:54 2025...
