INFO: [VRFC 10-2263] Analyzing SystemVerilog file "D:/university/studies/FPGA/PJ_FPGA/GA_Genetic_algorithm/GA/GA.srcs/sources_1/imports/import/crossover.sv" into library xil_defaultlib
INFO: [VRFC 10-311] analyzing module crossover
INFO: [VRFC 10-2263] Analyzing SystemVerilog file "D:/university/studies/FPGA/PJ_FPGA/GA_Genetic_algorithm/GA/GA.srcs/sources_1/imports/import/fitness_evaluator.sv" into library xil_defaultlib
INFO: [VRFC 10-311] analyzing module fitness_evaluator
INFO: [VRFC 10-2263] Analyzing SystemVerilog file "D:/university/studies/FPGA/PJ_FPGA/GA_Genetic_algorithm/GA/GA.srcs/sources_1/imports/import/lfsr_random.sv" into library xil_defaultlib
INFO: [VRFC 10-311] analyzing module lfsr_SudoRandom
INFO: [VRFC 10-2263] Analyzing SystemVerilog file "D:/university/studies/FPGA/PJ_FPGA/GA_Genetic_algorithm/GA/GA.srcs/sources_1/imports/import/mutation.sv" into library xil_defaultlib
INFO: [VRFC 10-311] analyzing module mutation
INFO: [VRFC 10-2263] Analyzing SystemVerilog file "D:/university/studies/FPGA/PJ_FPGA/GA_Genetic_algorithm/GA/GA.srcs/sources_1/imports/import/population_memory.sv" into library xil_defaultlib
INFO: [VRFC 10-311] analyzing module population_memory
INFO: [VRFC 10-2263] Analyzing SystemVerilog file "D:/university/studies/FPGA/PJ_FPGA/GA_Genetic_algorithm/GA/GA.srcs/sources_1/imports/import/selection.sv" into library xil_defaultlib
INFO: [VRFC 10-311] analyzing module selection
INFO: [VRFC 10-2263] Analyzing SystemVerilog file "D:/university/studies/FPGA/PJ_FPGA/GA_Genetic_algorithm/GA/GA.srcs/sources_1/imports/import/GA_top.sv" into library xil_defaultlib
INFO: [VRFC 10-311] analyzing module ga_top
INFO: [VRFC 10-2263] Analyzing SystemVerilog file "D:/university/studies/FPGA/PJ_FPGA/GA_Genetic_algorithm/GA/GA.srcs/sim_1/imports/TB/GA_TOP_TB.sv" into library xil_defaultlib
INFO: [VRFC 10-311] analyzing module ga_top_tb
INFO: [VRFC 10-2263] Analyzing SystemVerilog file "D:/university/studies/FPGA/PJ_FPGA/GA_Genetic_algorithm/GA/GA.srcs/sim_1/new/GA_manual_test.sv" into library xil_defaultlib
INFO: [VRFC 10-311] analyzing module GA_top_manual_tb
INFO: [VRFC 10-2263] Analyzing SystemVerilog file "D:/university/studies/FPGA/PJ_FPGA/GA_Genetic_algorithm/GA/GA.srcs/sim_1/imports/TB/crossover_TB.sv" into library xil_defaultlib
INFO: [VRFC 10-311] analyzing module crossover_tb
INFO: [VRFC 10-2263] Analyzing SystemVerilog file "D:/university/studies/FPGA/PJ_FPGA/GA_Genetic_algorithm/GA/GA.srcs/sim_1/imports/TB/fitness_evaluator_TB.sv" into library xil_defaultlib
INFO: [VRFC 10-311] analyzing module fitness_evaluator_tb
INFO: [VRFC 10-2263] Analyzing SystemVerilog file "D:/university/studies/FPGA/PJ_FPGA/GA_Genetic_algorithm/GA/GA.srcs/sim_1/imports/TB/lfsr_random_TB.sv" into library xil_defaultlib
INFO: [VRFC 10-311] analyzing module lsfr_SudoRandom_TB
INFO: [VRFC 10-2263] Analyzing SystemVerilog file "D:/university/studies/FPGA/PJ_FPGA/GA_Genetic_algorithm/GA/GA.srcs/sim_1/imports/TB/mutation_TB.sv" into library xil_defaultlib
INFO: [VRFC 10-311] analyzing module mutation_tb
INFO: [VRFC 10-2263] Analyzing SystemVerilog file "D:/university/studies/FPGA/PJ_FPGA/GA_Genetic_algorithm/GA/GA.srcs/sim_1/imports/TB/population_memory_TB.sv" into library xil_defaultlib
INFO: [VRFC 10-311] analyzing module population_memory_tb
INFO: [VRFC 10-2263] Analyzing SystemVerilog file "D:/university/studies/FPGA/PJ_FPGA/GA_Genetic_algorithm/GA/GA.srcs/sim_1/imports/TB/selection_TB.sv" into library xil_defaultlib
INFO: [VRFC 10-311] analyzing module selection_tb
INFO: [VRFC 10-2263] Analyzing SystemVerilog file "D:/university/studies/FPGA/PJ_FPGA/GA_Genetic_algorithm/GA/GA.srcs/sim_1/new/selection_manual_test.sv" into library xil_defaultlib
INFO: [VRFC 10-311] analyzing module selection_manual_tb
