Vivado Simulator 2019.2
Copyright 1986-1999, 2001-2019 Xilinx, Inc. All Rights Reserved.
Running: C:/Xilinx/Vivado/2019.2/bin/unwrapped/win64.o/xelab.exe -wto 3a9d6305264a48c49d6bc57ecfe7aa05 --incr --debug typical --relax --mt 2 -L xil_defaultlib -L unisims_ver -L unimacro_ver -L secureip --snapshot ga_top_tb_behav xil_defaultlib.ga_top_tb xil_defaultlib.glbl -log elaborate.log 
Using 2 slave threads.
Starting static elaboration
Pass Through NonSizing Optimizer
WARNING: [VRFC 10-3091] actual bit length 4 differs from formal bit length 5 for port 'crossover_Single_point' [D:/university/studies/FPGA/PJ_FPGA/GA_Genetic_algorithm/GA/GA.srcs/sources_1/imports/import/GA_top.sv:162]
WARNING: [VRFC 10-3091] actual bit length 4 differs from formal bit length 5 for port 'crossover_double_point1' [D:/university/studies/FPGA/PJ_FPGA/GA_Genetic_algorithm/GA/GA.srcs/sources_1/imports/import/GA_top.sv:163]
WARNING: [VRFC 10-3091] actual bit length 4 differs from formal bit length 5 for port 'crossover_double_point2' [D:/university/studies/FPGA/PJ_FPGA/GA_Genetic_algorithm/GA/GA.srcs/sources_1/imports/import/GA_top.sv:164]
WARNING: [VRFC 10-3091] actual bit length 19 differs from formal bit length 14 for port 'total_fitness_out' [D:/university/studies/FPGA/PJ_FPGA/GA_Genetic_algorithm/GA/GA.srcs/sources_1/imports/import/GA_top.sv:216]
Completed static elaboration
Starting simulation data flow analysis
WARNING: [XSIM 43-4099] "D:/university/studies/FPGA/PJ_FPGA/GA_Genetic_algorithm/GA/GA.srcs/sources_1/imports/import/GA_top.sv" Line 1. Module ga_top_default doesn't have a timescale but at least one module in design has a timescale.
WARNING: [XSIM 43-4099] "D:/university/studies/FPGA/PJ_FPGA/GA_Genetic_algorithm/GA/GA.srcs/sources_1/imports/import/lfsr_random.sv" Line 1. Module lfsr_SudoRandom doesn't have a timescale but at least one module in design has a timescale.
WARNING: [XSIM 43-4099] "D:/university/studies/FPGA/PJ_FPGA/GA_Genetic_algorithm/GA/GA.srcs/sources_1/imports/import/lfsr_random.sv" Line 1. Module lfsr_SudoRandom doesn't have a timescale but at least one module in design has a timescale.
WARNING: [XSIM 43-4099] "D:/university/studies/FPGA/PJ_FPGA/GA_Genetic_algorithm/GA/GA.srcs/sources_1/imports/import/lfsr_random.sv" Line 1. Module lfsr_SudoRandom doesn't have a timescale but at least one module in design has a timescale.
WARNING: [XSIM 43-4099] "D:/university/studies/FPGA/PJ_FPGA/GA_Genetic_algorithm/GA/GA.srcs/sources_1/imports/import/selection.sv" Line 1. Module selection_default doesn't have a timescale but at least one module in design has a timescale.
WARNING: [XSIM 43-4099] "D:/university/studies/FPGA/PJ_FPGA/GA_Genetic_algorithm/GA/GA.srcs/sources_1/imports/import/crossover.sv" Line 1. Module crossover_default doesn't have a timescale but at least one module in design has a timescale.
WARNING: [XSIM 43-4099] "D:/university/studies/FPGA/PJ_FPGA/GA_Genetic_algorithm/GA/GA.srcs/sources_1/imports/import/mutation.sv" Line 1. Module mutation doesn't have a timescale but at least one module in design has a timescale.
WARNING: [XSIM 43-4099] "D:/university/studies/FPGA/PJ_FPGA/GA_Genetic_algorithm/GA/GA.srcs/sources_1/imports/import/fitness_evaluator.sv" Line 1. Module fitness_evaluator doesn't have a timescale but at least one module in design has a timescale.
WARNING: [XSIM 43-4099] "D:/university/studies/FPGA/PJ_FPGA/GA_Genetic_algorithm/GA/GA.srcs/sources_1/imports/import/population_memory.sv" Line 1. Module population_memory_default doesn't have a timescale but at least one module in design has a timescale.
Completed simulation data flow analysis
Time Resolution for simulation is 1ps
Compiling module xil_defaultlib.ga_if
Compiling module xil_defaultlib.lfsr_SudoRandom
Compiling module xil_defaultlib.selection_default
Compiling module xil_defaultlib.crossover_default
Compiling module xil_defaultlib.mutation
Compiling module xil_defaultlib.fitness_evaluator
Compiling module xil_defaultlib.population_memory_default
Compiling module xil_defaultlib.ga_top_default
Compiling module xil_defaultlib.ga_top_tb
Compiling module xil_defaultlib.glbl
Built simulation snapshot ga_top_tb_behav
