Vivado Simulator 2019.2
Time resolution is 1 ps
ERROR: Timeout waiting for mutation_done in test           1
------------------------------------------------------------
>>>ERROR!! test 1: Mode=0, child_in=0x0000, mutation_rate=0, LSFR_input=0xa835, mutation_done=x
Expected child_out=0x0000, but got 0xxxxx
Details: Probabilistic check failed (LSFR[7:0]=53 >= rate=0)
Bit-Flip: flip_mask=0xa835
------------------------------------------------------------
ERROR: Timeout waiting for mutation_done in test           2
------------------------------------------------------------
>>>ERROR!! test 2: Mode=0, child_in=0xaaaa, mutation_rate=255, LSFR_input=0xxxxx, mutation_done=x
Expected child_out=0xaaaa, but got 0xxxxx
Details: Probabilistic check `aa`ed (LSFR[7:0]=x  < rate=255)
Bit-Flip: flip_mask=0xxxxx
------------------------------------------------------------
ERROR: Timeout waiting for mutation_done in test           3
------------------------------------------------------------
>>>ERROR!! test 3: Mode=0, child_in=0xf0f0, mutation_rate=64, LSFR_input=0xxxxx, mutation_done=x
Expected child_out=0xf0f0, but got 0xxxxx
Details: Probabilistic check `aa`ed (LSFR[7:0]=x  < rate=64)
Bit-Flip: flip_mask=0xxxxx
------------------------------------------------------------
ERROR: Timeout waiting for mutation_done in test           4
------------------------------------------------------------
>>>ERROR!! test 4: Mode=1, child_in=0x0f0f, mutation_rate=255, LSFR_input=0xxxxx, mutation_done=x
Expected child_out=0x0f0f, but got 0xxxxx
Details: Probabilistic check `aa`ed (LSFR[7:0]=x  < rate=255)
Bit-Swap: pos1=x, pos2=x
------------------------------------------------------------
ERROR: Timeout waiting for mutation_done in test           5
------------------------------------------------------------
>>>ERROR!! test 5: Mode=1, child_in=0xaaaa, mutation_rate=200, LSFR_input=0xxxxx, mutation_done=x
Expected child_out=0xaaaa, but got 0xxxxx
Details: Probabilistic check `aa`ed (LSFR[7:0]=x  < rate=200)
Bit-Swap: pos1=x, pos2=x
------------------------------------------------------------
ERROR: Timeout waiting for mutation_done in test           6
------------------------------------------------------------
>>>ERROR!! test 6: Mode=1, child_in=0xffff, mutation_rate=200, LSFR_input=0xxxxx, mutation_done=x
Expected child_out=0xffff, but got 0xxxxx
Details: Probabilistic check `aa`ed (LSFR[7:0]=x  < rate=200)
Bit-Swap: pos1=x, pos2=x
------------------------------------------------------------
ERROR: Timeout waiting for mutation_done in test           7
------------------------------------------------------------
>>>ERROR!! test 7: Mode=10, child_in=0x0000, mutation_rate=255, LSFR_input=0xxxxx, mutation_done=x
Expected child_out=0x0000, but got 0xxxxx
Details: Probabilistic check `aa`ed (LSFR[7:0]=x  < rate=255)
Inversion: sorted_start=x, sorted_end=x
------------------------------------------------------------
ERROR: Timeout waiting for mutation_done in test           8
------------------------------------------------------------
>>>ERROR!! test 8: Mode=10, child_in=0x0f0f, mutation_rate=255, LSFR_input=0xxxxx, mutation_done=x
Expected child_out=0x0f0f, but got 0xxxxx
Details: Probabilistic check `aa`ed (LSFR[7:0]=x  < rate=255)
Inversion: sorted_start=x, sorted_end=x
------------------------------------------------------------
ERROR: Timeout waiting for mutation_done in test           9
------------------------------------------------------------
>>>ERROR!! test 9: Mode=10, child_in=0xaaaa, mutation_rate=255, LSFR_input=0xxxxx, mutation_done=x
Expected child_out=0xaaaa, but got 0xxxxx
Details: Probabilistic check `aa`ed (LSFR[7:0]=x  < rate=255)
Inversion: sorted_start=x, sorted_end=x
------------------------------------------------------------
ERROR: Timeout waiting for mutation_done in test          10
------------------------------------------------------------
>>>ERROR!! test 10: Mode=11, child_in=0xf0f0, mutation_rate=50, LSFR_input=0xxxxx, mutation_done=x
Expected child_out=0xf0f0, but got 0xxxxx
Details: Probabilistic check `aa`ed (LSFR[7:0]=x  < rate=50)
Scramble: mask=0xxxxx
------------------------------------------------------------
ERROR: Timeout waiting for mutation_done in test          11
------------------------------------------------------------
>>>ERROR!! test 11: Mode=11, child_in=0x0f0f, mutation_rate=100, LSFR_input=0xxxxx, mutation_done=x
Expected child_out=0x0f0f, but got 0xxxxx
Details: Probabilistic check `aa`ed (LSFR[7:0]=x  < rate=100)
Scramble: mask=0xxxxx
------------------------------------------------------------
ERROR: Timeout waiting for mutation_done in test          12
------------------------------------------------------------
>>>ERROR!! test 12: Mode=11, child_in=0xaaaa, mutation_rate=100, LSFR_input=0xxxxx, mutation_done=x
Expected child_out=0xaaaa, but got 0xxxxx
Details: Probabilistic check `aa`ed (LSFR[7:0]=x  < rate=100)
Scramble: mask=0xxxxx
------------------------------------------------------------
ERROR: Timeout waiting for mutation_done in test          13
------------------------------------------------------------
>>>ERROR!! test 13: Mode=100, child_in=0xffff, mutation_rate=255, LSFR_input=0xxxxx, mutation_done=x
Expected child_out=0xffff, but got 0xxxxx
Details: Probabilistic check `aa`ed (LSFR[7:0]=x  < rate=255)
Combined: flip_mask=0xxxxx, pos1=x, pos2=x
------------------------------------------------------------
ERROR: Timeout waiting for mutation_done in test          14
------------------------------------------------------------
>>>ERROR!! test 14: Mode=100, child_in=0x0000, mutation_rate=128, LSFR_input=0xxxxx, mutation_done=x
Expected child_out=0x0000, but got 0xxxxx
Details: Probabilistic check `aa`ed (LSFR[7:0]=x  < rate=128)
Combined: flip_mask=0xxxxx, pos1=x, pos2=x
------------------------------------------------------------
ERROR: Timeout waiting for mutation_done in test          15
------------------------------------------------------------
>>>ERROR!! test 15: Mode=111, child_in=0xaaaa, mutation_rate=255, LSFR_input=0xxxxx, mutation_done=x
Expected child_out=0xaaaa, but got 0xxxxx
Details: Probabilistic check `aa`ed (LSFR[7:0]=x  < rate=255)
Default mode (no mutation)
------------------------------------------------------------
ERROR: In reset test          16, mutation_done should be 0 after reset, but is x
ERROR: child_out not reset to 0
ERROR: Timeout waiting for mutation_done in test          17
------------------------------------------------------------
>>>ERROR!! test 17: Mode=110, child_in=0xb299, mutation_rate=222, LSFR_input=0xc53e, mutation_done=x
Expected child_out=0xb299, but got 0xxxxx
Details: Probabilistic check passed (LSFR[7:0]=62  < rate=222)
Default mode (no mutation)
------------------------------------------------------------
ERROR: Timeout waiting for mutation_done in test          18
------------------------------------------------------------
>>>ERROR!! test 18: Mode=100, child_in=0xd68c, mutation_rate=146, LSFR_input=0x53fb, mutation_done=x
Expected child_out=0xd68c, but got 0xxxxx
Details: Probabilistic check failed (LSFR[7:0]=251 >= rate=146)
Combined: flip_mask=0x53fb, pos1=11, pos2=15
------------------------------------------------------------
ERROR: Timeout waiting for mutation_done in test          19
------------------------------------------------------------
>>>ERROR!! test 19: Mode=110, child_in=0xa465, mutation_rate=40, LSFR_input=0x29f9, mutation_done=x
Expected child_out=0xa465, but got 0xxxxx
Details: Probabilistic check failed (LSFR[7:0]=249 >= rate=40)
Default mode (no mutation)
------------------------------------------------------------
ERROR: Timeout waiting for mutation_done in test          20
------------------------------------------------------------
>>>ERROR!! test 20: Mode=10, child_in=0xbc43, mutation_rate=29, LSFR_input=0xc558, mutation_done=x
Expected child_out=0xbc43, but got 0xxxxx
Details: Probabilistic check failed (LSFR[7:0]=88 >= rate=29)
Inversion: sorted_start=5, sorted_end=12
------------------------------------------------------------
ERROR: Timeout waiting for mutation_done in test          21
------------------------------------------------------------
>>>ERROR!! test 21: Mode=0, child_in=0x3ed6, mutation_rate=171, LSFR_input=0x934c, mutation_done=x
Expected child_out=0xd038, but got 0xxxxx
Details: Probabilistic check passed (LSFR[7:0]=76  < rate=171)
Bit-Flip: flip_mask=0x934c
------------------------------------------------------------
ERROR: Timeout waiting for mutation_done in test          22
------------------------------------------------------------
>>>ERROR!! test 22: Mode=11, child_in=0x1cfe, mutation_rate=197, LSFR_input=0xe8e6, mutation_done=x
Expected child_out=0x1cfe, but got 0xxxxx
Details: Probabilistic check failed (LSFR[7:0]=230 >= rate=197)
Scramble: mask=0xe8e6
------------------------------------------------------------
ERROR: Timeout waiting for mutation_done in test          23
------------------------------------------------------------
>>>ERROR!! test 23: Mode=1, child_in=0xb81b, mutation_rate=69, LSFR_input=0x15b3, mutation_done=x
Expected child_out=0xb81b, but got 0xxxxx
Details: Probabilistic check failed (LSFR[7:0]=179 >= rate=69)
Bit-Swap: pos1=3, pos2=11
------------------------------------------------------------
ERROR: Timeout waiting for mutation_done in test          24
------------------------------------------------------------
>>>ERROR!! test 24: Mode=0, child_in=0xc2c6, mutation_rate=9, LSFR_input=0x9af9, mutation_done=x
Expected child_out=0xc2c6, but got 0xxxxx
Details: Probabilistic check failed (LSFR[7:0]=249 >= rate=9)
Bit-Flip: flip_mask=0x9af9
------------------------------------------------------------
ERROR: Timeout waiting for mutation_done in test          25
------------------------------------------------------------
>>>ERROR!! test 25: Mode=11, child_in=0x138c, mutation_rate=162, LSFR_input=0x9dd8, mutation_done=x
Expected child_out=0x138c, but got 0xxxxx
Details: Probabilistic check failed (LSFR[7:0]=216 >= rate=162)
Scramble: mask=0x9dd8
------------------------------------------------------------
ERROR: Timeout waiting for mutation_done in test          26
------------------------------------------------------------
>>>ERROR!! test 26: Mode=10, child_in=0x4ed1, mutation_rate=58, LSFR_input=0xdfcc, mutation_done=x
Expected child_out=0x4ed1, but got 0xxxxx
Details: Probabilistic check failed (LSFR[7:0]=204 >= rate=58)
Inversion: sorted_start=13, sorted_end=15
------------------------------------------------------------
ERROR: Timeout waiting for mutation_done in test          27
------------------------------------------------------------
>>>ERROR!! test 27: Mode=110, child_in=0x30da, mutation_rate=238, LSFR_input=0x4ea6, mutation_done=x
Expected child_out=0x30da, but got 0xxxxx
Details: Probabilistic check passed (LSFR[7:0]=166  < rate=238)
Default mode (no mutation)
------------------------------------------------------------
ERROR: Timeout waiting for mutation_done in test          28
------------------------------------------------------------
>>>ERROR!! test 28: Mode=111, child_in=0xf87d, mutation_rate=104, LSFR_input=0xc793, mutation_done=x
Expected child_out=0xf87d, but got 0xxxxx
Details: Probabilistic check failed (LSFR[7:0]=147 >= rate=104)
Default mode (no mutation)
------------------------------------------------------------
ERROR: Timeout waiting for mutation_done in test          29
------------------------------------------------------------
>>>ERROR!! test 29: Mode=10, child_in=0xc2b7, mutation_rate=110, LSFR_input=0x63c9, mutation_done=x
Expected child_out=0xc2b7, but got 0xxxxx
Details: Probabilistic check failed (LSFR[7:0]=201 >= rate=110)
Inversion: sorted_start=3, sorted_end=6
------------------------------------------------------------
ERROR: Timeout waiting for mutation_done in test          30
------------------------------------------------------------
>>>ERROR!! test 30: Mode=111, child_in=0x47a5, mutation_rate=69, LSFR_input=0x31e4, mutation_done=x
Expected child_out=0x47a5, but got 0xxxxx
Details: Probabilistic check failed (LSFR[7:0]=228 >= rate=69)
Default mode (no mutation)
------------------------------------------------------------
ERROR: Timeout waiting for mutation_done in test          31
------------------------------------------------------------
>>>ERROR!! test 31: Mode=110, child_in=0x4a0d, mutation_rate=247, LSFR_input=0x2996, mutation_done=x
Expected child_out=0x4a0d, but got 0xxxxx
Details: Probabilistic check passed (LSFR[7:0]=150  < rate=247)
Default mode (no mutation)
------------------------------------------------------------
ERROR: Timeout waiting for mutation_done in test          32
------------------------------------------------------------
>>>ERROR!! test 32: Mode=100, child_in=0xdd7b, mutation_rate=38, LSFR_input=0x446b, mutation_done=x
Expected child_out=0xdd7b, but got 0xxxxx
Details: Probabilistic check failed (LSFR[7:0]=107 >= rate=38)
Combined: flip_mask=0x446b, pos1=11, pos2=6
------------------------------------------------------------
ERROR: Timeout waiting for mutation_done in test          33
------------------------------------------------------------
>>>ERROR!! test 33: Mode=1, child_in=0x50c1, mutation_rate=13, LSFR_input=0x8375, mutation_done=x
Expected child_out=0x50c1, but got 0xxxxx
Details: Probabilistic check failed (LSFR[7:0]=117 >= rate=13)
Bit-Swap: pos1=5, pos2=7
------------------------------------------------------------
ERROR: Timeout waiting for mutation_done in test          34
------------------------------------------------------------
>>>ERROR!! test 34: Mode=101, child_in=0xd4b8, mutation_rate=153, LSFR_input=0x315a, mutation_done=x
Expected child_out=0xd4b8, but got 0xxxxx
Details: Probabilistic check passed (LSFR[7:0]=90  < rate=153)
Default mode (no mutation)
------------------------------------------------------------
ERROR: Timeout waiting for mutation_done in test          35
------------------------------------------------------------
>>>ERROR!! test 35: Mode=110, child_in=0x61df, mutation_rate=50, LSFR_input=0x592d, mutation_done=x
Expected child_out=0x61df, but got 0xxxxx
Details: Probabilistic check passed (LSFR[7:0]=45  < rate=50)
Default mode (no mutation)
------------------------------------------------------------
ERROR: Timeout waiting for mutation_done in test          36
------------------------------------------------------------
>>>ERROR!! test 36: Mode=110, child_in=0xbaec, mutation_rate=71, LSFR_input=0xfc32, mutation_done=x
Expected child_out=0xbaec, but got 0xxxxx
Details: Probabilistic check passed (LSFR[7:0]=50  < rate=71)
Default mode (no mutation)
------------------------------------------------------------
ERROR: Timeout waiting for mutation_done in test          37
------------------------------------------------------------
>>>ERROR!! test 37: Mode=101, child_in=0x2785, mutation_rate=29, LSFR_input=0x9edd, mutation_done=x
Expected child_out=0x2785, but got 0xxxxx
Details: Probabilistic check failed (LSFR[7:0]=221 >= rate=29)
Default mode (no mutation)
------------------------------------------------------------
ERROR: Timeout waiting for mutation_done in test          38
------------------------------------------------------------
>>>ERROR!! test 38: Mode=1, child_in=0xf1b7, mutation_rate=172, LSFR_input=0x2eaa, mutation_done=x
Expected child_out=0xf1b7, but got 0xxxxx
Details: Probabilistic check passed (LSFR[7:0]=170  < rate=172)
Bit-Swap: pos1=14, pos2=2
------------------------------------------------------------
ERROR: Timeout waiting for mutation_done in test          39
------------------------------------------------------------
>>>ERROR!! test 39: Mode=110, child_in=0xf6ff, mutation_rate=25, LSFR_input=0x0675, mutation_done=x
Expected child_out=0xf6ff, but got 0xxxxx
Details: Probabilistic check failed (LSFR[7:0]=117 >= rate=25)
Default mode (no mutation)
------------------------------------------------------------
ERROR: Timeout waiting for mutation_done in test          40
------------------------------------------------------------
>>>ERROR!! test 40: Mode=110, child_in=0x881c, mutation_rate=115, LSFR_input=0x42be, mutation_done=x
Expected child_out=0x881c, but got 0xxxxx
Details: Probabilistic check failed (LSFR[7:0]=190 >= rate=115)
Default mode (no mutation)
------------------------------------------------------------
ERROR: Timeout waiting for mutation_done in test          41
------------------------------------------------------------
>>>ERROR!! test 41: Mode=101, child_in=0x79c8, mutation_rate=81, LSFR_input=0x60db, mutation_done=x
Expected child_out=0x79c8, but got 0xxxxx
Details: Probabilistic check failed (LSFR[7:0]=219 >= rate=81)
Default mode (no mutation)
------------------------------------------------------------
ERROR: Timeout waiting for mutation_done in test          42
------------------------------------------------------------
>>>ERROR!! test 42: Mode=1, child_in=0x2de2, mutation_rate=231, LSFR_input=0x912d, mutation_done=x
Expected child_out=0x0de6, but got 0xxxxx
Details: Probabilistic check passed (LSFR[7:0]=45  < rate=231)
Bit-Swap: pos1=13, pos2=2
------------------------------------------------------------
ERROR: Timeout waiting for mutation_done in test          43
------------------------------------------------------------
>>>ERROR!! test 43: Mode=10, child_in=0x5f55, mutation_rate=124, LSFR_input=0xd9b6, mutation_done=x
Expected child_out=0x5f55, but got 0xxxxx
Details: Probabilistic check failed (LSFR[7:0]=182 >= rate=124)
Inversion: sorted_start=9, sorted_end=13
------------------------------------------------------------
ERROR: Timeout waiting for mutation_done in test          44
------------------------------------------------------------
>>>ERROR!! test 44: Mode=100, child_in=0x35a6, mutation_rate=46, LSFR_input=0x8c1f, mutation_done=x
Expected child_out=0xb5a4, but got 0xxxxx
Details: Probabilistic check passed (LSFR[7:0]=31  < rate=46)
Combined: flip_mask=0x8c1f, pos1=15, pos2=1
------------------------------------------------------------
ERROR: Timeout waiting for mutation_done in test          45
------------------------------------------------------------
>>>ERROR!! test 45: Mode=1, child_in=0xa28e, mutation_rate=168, LSFR_input=0x37ef, mutation_done=x
Expected child_out=0xa28e, but got 0xxxxx
Details: Probabilistic check failed (LSFR[7:0]=239 >= rate=168)
Bit-Swap: pos1=15, pos2=14
------------------------------------------------------------
ERROR: Timeout waiting for mutation_done in test          46
------------------------------------------------------------
>>>ERROR!! test 46: Mode=111, child_in=0x9d0a, mutation_rate=4, LSFR_input=0x6b17, mutation_done=x
Expected child_out=0x9d0a, but got 0xxxxx
Details: Probabilistic check failed (LSFR[7:0]=23 >= rate=4)
Default mode (no mutation)
------------------------------------------------------------
ERROR: Timeout waiting for mutation_done in test          47
------------------------------------------------------------
>>>ERROR!! test 47: Mode=101, child_in=0xad38, mutation_rate=181, LSFR_input=0x85eb, mutation_done=x
Expected child_out=0xad38, but got 0xxxxx
Details: Probabilistic check failed (LSFR[7:0]=235 >= rate=181)
Default mode (no mutation)
------------------------------------------------------------
ERROR: Timeout waiting for mutation_done in test          48
------------------------------------------------------------
>>>ERROR!! test 48: Mode=0, child_in=0x4ce0, mutation_rate=12, LSFR_input=0x52d1, mutation_done=x
Expected child_out=0x4ce0, but got 0xxxxx
Details: Probabilistic check failed (LSFR[7:0]=209 >= rate=12)
Bit-Flip: flip_mask=0x52d1
------------------------------------------------------------
ERROR: Timeout waiting for mutation_done in test          49
------------------------------------------------------------
>>>ERROR!! test 49: Mode=0, child_in=0xa9e4, mutation_rate=242, LSFR_input=0x990c, mutation_done=x
Expected child_out=0x561b, but got 0xxxxx
Details: Probabilistic check passed (LSFR[7:0]=12  < rate=242)
Bit-Flip: flip_mask=0x990c
------------------------------------------------------------
ERROR: Timeout waiting for mutation_done in test          50
------------------------------------------------------------
>>>ERROR!! test 50: Mode=1, child_in=0x2399, mutation_rate=226, LSFR_input=0xecc2, mutation_done=x
Expected child_out=0x2399, but got 0xxxxx
Details: Probabilistic check passed (LSFR[7:0]=194  < rate=226)
Bit-Swap: pos1=2, pos2=12
------------------------------------------------------------
ERROR: Timeout waiting for mutation_done in test          51
------------------------------------------------------------
>>>ERROR!! test 51: Mode=101, child_in=0xefa6, mutation_rate=10, LSFR_input=0x8785, mutation_done=x
Expected child_out=0xefa6, but got 0xxxxx
Details: Probabilistic check failed (LSFR[7:0]=133 >= rate=10)
Default mode (no mutation)
------------------------------------------------------------
ERROR: Timeout waiting for mutation_done in test          52
------------------------------------------------------------
>>>ERROR!! test 52: Mode=111, child_in=0xb098, mutation_rate=19, LSFR_input=0x9266, mutation_done=x
Expected child_out=0xb098, but got 0xxxxx
Details: Probabilistic check failed (LSFR[7:0]=102 >= rate=19)
Default mode (no mutation)
------------------------------------------------------------
ERROR: Timeout waiting for mutation_done in test          53
------------------------------------------------------------
>>>ERROR!! test 53: Mode=101, child_in=0x037a, mutation_rate=1, LSFR_input=0x4837, mutation_done=x
Expected child_out=0x037a, but got 0xxxxx
Details: Probabilistic check failed (LSFR[7:0]=55 >= rate=1)
Default mode (no mutation)
------------------------------------------------------------
ERROR: Timeout waiting for mutation_done in test          54
------------------------------------------------------------
>>>ERROR!! test 54: Mode=101, child_in=0x9584, mutation_rate=136, LSFR_input=0x44df, mutation_done=x
Expected child_out=0x9584, but got 0xxxxx
Details: Probabilistic check failed (LSFR[7:0]=223 >= rate=136)
Default mode (no mutation)
------------------------------------------------------------
ERROR: Timeout waiting for mutation_done in test          55
------------------------------------------------------------
>>>ERROR!! test 55: Mode=111, child_in=0xb398, mutation_rate=181, LSFR_input=0xb24f, mutation_done=x
Expected child_out=0xb398, but got 0xxxxx
Details: Probabilistic check passed (LSFR[7:0]=79  < rate=181)
Default mode (no mutation)
------------------------------------------------------------
ERROR: Timeout waiting for mutation_done in test          56
------------------------------------------------------------
>>>ERROR!! test 56: Mode=11, child_in=0x0799, mutation_rate=122, LSFR_input=0x8987, mutation_done=x
Expected child_out=0x0799, but got 0xxxxx
Details: Probabilistic check failed (LSFR[7:0]=135 >= rate=122)
Scramble: mask=0x8987
------------------------------------------------------------
ERROR: Timeout waiting for mutation_done in test          57
------------------------------------------------------------
>>>ERROR!! test 57: Mode=11, child_in=0xb521, mutation_rate=185, LSFR_input=0xd4e7, mutation_done=x
Expected child_out=0xb521, but got 0xxxxx
Details: Probabilistic check failed (LSFR[7:0]=231 >= rate=185)
Scramble: mask=0xd4e7
------------------------------------------------------------
ERROR: Timeout waiting for mutation_done in test          58
------------------------------------------------------------
>>>ERROR!! test 58: Mode=100, child_in=0xabd6, mutation_rate=124, LSFR_input=0x4b37, mutation_done=x
Expected child_out=0xab5e, but got 0xxxxx
Details: Probabilistic check passed (LSFR[7:0]=55  < rate=124)
Combined: flip_mask=0x4b37, pos1=7, pos2=3
------------------------------------------------------------
ERROR: Timeout waiting for mutation_done in test          59
------------------------------------------------------------
>>>ERROR!! test 59: Mode=101, child_in=0x9c50, mutation_rate=216, LSFR_input=0xe51b, mutation_done=x
Expected child_out=0x9c50, but got 0xxxxx
Details: Probabilistic check passed (LSFR[7:0]=27  < rate=216)
Default mode (no mutation)
------------------------------------------------------------
ERROR: Timeout waiting for mutation_done in test          60
------------------------------------------------------------
>>>ERROR!! test 60: Mode=11, child_in=0x8a09, mutation_rate=204, LSFR_input=0x7289, mutation_done=x
Expected child_out=0xf880, but got 0xxxxx
Details: Probabilistic check passed (LSFR[7:0]=137  < rate=204)
Scramble: mask=0x7289
------------------------------------------------------------
ERROR: Timeout waiting for mutation_done in test          61
------------------------------------------------------------
>>>ERROR!! test 61: Mode=11, child_in=0x0a85, mutation_rate=226, LSFR_input=0xb844, mutation_done=x
Expected child_out=0xb2c1, but got 0xxxxx
Details: Probabilistic check passed (LSFR[7:0]=68  < rate=226)
Scramble: mask=0xb844
------------------------------------------------------------
ERROR: Timeout waiting for mutation_done in test          62
------------------------------------------------------------
>>>ERROR!! test 62: Mode=100, child_in=0xd15d, mutation_rate=205, LSFR_input=0xcc06, mutation_done=x
Expected child_out=0xf37f, but got 0xxxxx
Details: Probabilistic check passed (LSFR[7:0]=6  < rate=205)
Combined: flip_mask=0xcc06, pos1=6, pos2=0
------------------------------------------------------------
ERROR: Timeout waiting for mutation_done in test          63
------------------------------------------------------------
>>>ERROR!! test 63: Mode=10, child_in=0xe62a, mutation_rate=9, LSFR_input=0x96e7, mutation_done=x
Expected child_out=0xe62a, but got 0xxxxx
Details: Probabilistic check failed (LSFR[7:0]=231 >= rate=9)
Inversion: sorted_start=6, sorted_end=9
------------------------------------------------------------
ERROR: Timeout waiting for mutation_done in test          64
------------------------------------------------------------
>>>ERROR!! test 64: Mode=111, child_in=0xfe0c, mutation_rate=77, LSFR_input=0x6b33, mutation_done=x
Expected child_out=0xfe0c, but got 0xxxxx
Details: Probabilistic check passed (LSFR[7:0]=51  < rate=77)
Default mode (no mutation)
------------------------------------------------------------
ERROR: Timeout waiting for mutation_done in test          65
------------------------------------------------------------
>>>ERROR!! test 65: Mode=1, child_in=0xc4d9, mutation_rate=23, LSFR_input=0x6439, mutation_done=x
Expected child_out=0xc4d9, but got 0xxxxx
Details: Probabilistic check failed (LSFR[7:0]=57 >= rate=23)
Bit-Swap: pos1=9, pos2=3
------------------------------------------------------------
ERROR: Timeout waiting for mutation_done in test          66
------------------------------------------------------------
>>>ERROR!! test 66: Mode=101, child_in=0xd6e2, mutation_rate=63, LSFR_input=0xd3d8, mutation_done=x
Expected child_out=0xd6e2, but got 0xxxxx
Details: Probabilistic check failed (LSFR[7:0]=216 >= rate=63)
Default mode (no mutation)
------------------------------------------------------------
ERROR: Timeout waiting for mutation_done in test          67
------------------------------------------------------------
>>>ERROR!! test 67: Mode=111, child_in=0xbe30, mutation_rate=144, LSFR_input=0xb94c, mutation_done=x
Expected child_out=0xbe30, but got 0xxxxx
Details: Probabilistic check passed (LSFR[7:0]=76  < rate=144)
Default mode (no mutation)
------------------------------------------------------------
ERROR: Timeout waiting for mutation_done in test          68
------------------------------------------------------------
>>>ERROR!! test 68: Mode=1, child_in=0x8547, mutation_rate=238, LSFR_input=0xbd62, mutation_done=x
Expected child_out=0x844f, but got 0xxxxx
Details: Probabilistic check passed (LSFR[7:0]=98  < rate=238)
Bit-Swap: pos1=2, pos2=6
------------------------------------------------------------
ERROR: Timeout waiting for mutation_done in test          69
------------------------------------------------------------
>>>ERROR!! test 69: Mode=1, child_in=0xfd86, mutation_rate=37, LSFR_input=0x3f75, mutation_done=x
Expected child_out=0xfd86, but got 0xxxxx
Details: Probabilistic check failed (LSFR[7:0]=117 >= rate=37)
Bit-Swap: pos1=5, pos2=7
------------------------------------------------------------
ERROR: Timeout waiting for mutation_done in test          70
------------------------------------------------------------
>>>ERROR!! test 70: Mode=1, child_in=0x0d17, mutation_rate=62, LSFR_input=0x8f9e, mutation_done=x
Expected child_out=0x0d17, but got 0xxxxx
Details: Probabilistic check failed (LSFR[7:0]=158 >= rate=62)
Bit-Swap: pos1=14, pos2=9
------------------------------------------------------------
ERROR: Timeout waiting for mutation_done in test          71
------------------------------------------------------------
>>>ERROR!! test 71: Mode=111, child_in=0xb205, mutation_rate=136, LSFR_input=0x270b, mutation_done=x
Expected child_out=0xb205, but got 0xxxxx
Details: Probabilistic check passed (LSFR[7:0]=11  < rate=136)
Default mode (no mutation)
------------------------------------------------------------
ERROR: Timeout waiting for mutation_done in test          72
------------------------------------------------------------
>>>ERROR!! test 72: Mode=110, child_in=0xb12a, mutation_rate=25, LSFR_input=0xd201, mutation_done=x
Expected child_out=0xb12a, but got 0xxxxx
Details: Probabilistic check passed (LSFR[7:0]=1  < rate=25)
Default mode (no mutation)
------------------------------------------------------------
ERROR: Timeout waiting for mutation_done in test          73
------------------------------------------------------------
>>>ERROR!! test 73: Mode=11, child_in=0xe168, mutation_rate=48, LSFR_input=0xe900, mutation_done=x
Expected child_out=0x0868, but got 0xxxxx
Details: Probabilistic check passed (LSFR[7:0]=0  < rate=48)
Scramble: mask=0xe900
------------------------------------------------------------
ERROR: Timeout waiting for mutation_done in test          74
------------------------------------------------------------
>>>ERROR!! test 74: Mode=101, child_in=0x00f0, mutation_rate=95, LSFR_input=0xe5a0, mutation_done=x
Expected child_out=0x00f0, but got 0xxxxx
Details: Probabilistic check failed (LSFR[7:0]=160 >= rate=95)
Default mode (no mutation)
------------------------------------------------------------
ERROR: Timeout waiting for mutation_done in test          75
------------------------------------------------------------
>>>ERROR!! test 75: Mode=110, child_in=0x9509, mutation_rate=146, LSFR_input=0x1314, mutation_done=x
Expected child_out=0x9509, but got 0xxxxx
Details: Probabilistic check passed (LSFR[7:0]=20  < rate=146)
Default mode (no mutation)
------------------------------------------------------------
ERROR: Timeout waiting for mutation_done in test          76
------------------------------------------------------------
>>>ERROR!! test 76: Mode=110, child_in=0x9b3a, mutation_rate=240, LSFR_input=0x796e, mutation_done=x
Expected child_out=0x9b3a, but got 0xxxxx
Details: Probabilistic check passed (LSFR[7:0]=110  < rate=240)
Default mode (no mutation)
------------------------------------------------------------
ERROR: Timeout waiting for mutation_done in test          77
------------------------------------------------------------
>>>ERROR!! test 77: Mode=0, child_in=0x2099, mutation_rate=182, LSFR_input=0xcd57, mutation_done=x
Expected child_out=0x13aa, but got 0xxxxx
Details: Probabilistic check passed (LSFR[7:0]=87  < rate=182)
Bit-Flip: flip_mask=0xcd57
------------------------------------------------------------
ERROR: Timeout waiting for mutation_done in test          78
------------------------------------------------------------
>>>ERROR!! test 78: Mode=10, child_in=0xd72b, mutation_rate=108, LSFR_input=0x56cf, mutation_done=x
Expected child_out=0xd72b, but got 0xxxxx
Details: Probabilistic check failed (LSFR[7:0]=207 >= rate=108)
Inversion: sorted_start=5, sorted_end=6
------------------------------------------------------------
ERROR: Timeout waiting for mutation_done in test          79
------------------------------------------------------------
>>>ERROR!! test 79: Mode=11, child_in=0x701b, mutation_rate=44, LSFR_input=0x3a47, mutation_done=x
Expected child_out=0x701b, but got 0xxxxx
Details: Probabilistic check failed (LSFR[7:0]=71 >= rate=44)
Scramble: mask=0x3a47
------------------------------------------------------------
ERROR: Timeout waiting for mutation_done in test          80
------------------------------------------------------------
>>>ERROR!! test 80: Mode=110, child_in=0xccd1, mutation_rate=38, LSFR_input=0x8c07, mutation_done=x
Expected child_out=0xccd1, but got 0xxxxx
Details: Probabilistic check passed (LSFR[7:0]=7  < rate=38)
Default mode (no mutation)
------------------------------------------------------------
ERROR: Timeout waiting for mutation_done in test          81
------------------------------------------------------------
>>>ERROR!! test 81: Mode=10, child_in=0xee3e, mutation_rate=185, LSFR_input=0xc703, mutation_done=x
Expected child_out=0xe73e, but got 0xxxxx
Details: Probabilistic check passed (LSFR[7:0]=3  < rate=185)
Inversion: sorted_start=7, sorted_end=12
------------------------------------------------------------
ERROR: Timeout waiting for mutation_done in test          82
------------------------------------------------------------
>>>ERROR!! test 82: Mode=11, child_in=0x696a, mutation_rate=120, LSFR_input=0x3325, mutation_done=x
Expected child_out=0x5a67, but got 0xxxxx
Details: Probabilistic check passed (LSFR[7:0]=37  < rate=120)
Scramble: mask=0x3325
------------------------------------------------------------
ERROR: Timeout waiting for mutation_done in test          83
------------------------------------------------------------
>>>ERROR!! test 83: Mode=1, child_in=0xd991, mutation_rate=82, LSFR_input=0xc836, mutation_done=x
Expected child_out=0xd991, but got 0xxxxx
Details: Probabilistic check passed (LSFR[7:0]=54  < rate=82)
Bit-Swap: pos1=6, pos2=3
------------------------------------------------------------
ERROR: Timeout waiting for mutation_done in test          84
------------------------------------------------------------
>>>ERROR!! test 84: Mode=100, child_in=0x5f4a, mutation_rate=253, LSFR_input=0xc55b, mutation_done=x
Expected child_out=0x392c, but got 0xxxxx
Details: Probabilistic check passed (LSFR[7:0]=91  < rate=253)
Combined: flip_mask=0xc55b, pos1=11, pos2=5
------------------------------------------------------------
ERROR: Timeout waiting for mutation_done in test          85
------------------------------------------------------------
>>>ERROR!! test 85: Mode=101, child_in=0xd1c2, mutation_rate=231, LSFR_input=0xa32d, mutation_done=x
Expected child_out=0xd1c2, but got 0xxxxx
Details: Probabilistic check passed (LSFR[7:0]=45  < rate=231)
Default mode (no mutation)
------------------------------------------------------------
ERROR: Timeout waiting for mutation_done in test          86
------------------------------------------------------------
>>>ERROR!! test 86: Mode=111, child_in=0xa114, mutation_rate=59, LSFR_input=0xc0b2, mutation_done=x
Expected child_out=0xa114, but got 0xxxxx
Details: Probabilistic check failed (LSFR[7:0]=178 >= rate=59)
Default mode (no mutation)
------------------------------------------------------------
ERROR: Timeout waiting for mutation_done in test          87
------------------------------------------------------------
>>>ERROR!! test 87: Mode=10, child_in=0x9a12, mutation_rate=32, LSFR_input=0x90b9, mutation_done=x
Expected child_out=0x9a12, but got 0xxxxx
Details: Probabilistic check failed (LSFR[7:0]=185 >= rate=32)
Inversion: sorted_start=0, sorted_end=9
------------------------------------------------------------
ERROR: Timeout waiting for mutation_done in test          88
------------------------------------------------------------
>>>ERROR!! test 88: Mode=110, child_in=0xaaf9, mutation_rate=79, LSFR_input=0xf838, mutation_done=x
Expected child_out=0xaaf9, but got 0xxxxx
Details: Probabilistic check passed (LSFR[7:0]=56  < rate=79)
Default mode (no mutation)
------------------------------------------------------------
ERROR: Timeout waiting for mutation_done in test          89
------------------------------------------------------------
>>>ERROR!! test 89: Mode=0, child_in=0x3d34, mutation_rate=65, LSFR_input=0x7d1c, mutation_done=x
Expected child_out=0x1f16, but got 0xxxxx
Details: Probabilistic check passed (LSFR[7:0]=28  < rate=65)
Bit-Flip: flip_mask=0x7d1c
------------------------------------------------------------
ERROR: Timeout waiting for mutation_done in test          90
------------------------------------------------------------
>>>ERROR!! test 90: Mode=1, child_in=0x2a54, mutation_rate=72, LSFR_input=0xdf4e, mutation_done=x
Expected child_out=0x2a54, but got 0xxxxx
Details: Probabilistic check failed (LSFR[7:0]=78 >= rate=72)
Bit-Swap: pos1=14, pos2=4
------------------------------------------------------------
ERROR: Timeout waiting for mutation_done in test          91
------------------------------------------------------------
>>>ERROR!! test 91: Mode=101, child_in=0xd1a3, mutation_rate=96, LSFR_input=0xcfe7, mutation_done=x
Expected child_out=0xd1a3, but got 0xxxxx
Details: Probabilistic check failed (LSFR[7:0]=231 >= rate=96)
Default mode (no mutation)
------------------------------------------------------------
ERROR: Timeout waiting for mutation_done in test          92
------------------------------------------------------------
>>>ERROR!! test 92: Mode=1, child_in=0x04e5, mutation_rate=114, LSFR_input=0xe7f7, mutation_done=x
Expected child_out=0x04e5, but got 0xxxxx
Details: Probabilistic check failed (LSFR[7:0]=247 >= rate=114)
Bit-Swap: pos1=7, pos2=15
------------------------------------------------------------
ERROR: Timeout waiting for mutation_done in test          93
------------------------------------------------------------
>>>ERROR!! test 93: Mode=101, child_in=0x652d, mutation_rate=183, LSFR_input=0x63db, mutation_done=x
Expected child_out=0x652d, but got 0xxxxx
Details: Probabilistic check failed (LSFR[7:0]=219 >= rate=183)
Default mode (no mutation)
------------------------------------------------------------
ERROR: Timeout waiting for mutation_done in test          94
------------------------------------------------------------
>>>ERROR!! test 94: Mode=10, child_in=0x8c8d, mutation_rate=81, LSFR_input=0x604d, mutation_done=x
Expected child_out=0x8cd8, but got 0xxxxx
Details: Probabilistic check passed (LSFR[7:0]=77  < rate=81)
Inversion: sorted_start=0, sorted_end=6
------------------------------------------------------------
ERROR: Timeout waiting for mutation_done in test          95
------------------------------------------------------------
>>>ERROR!! test 95: Mode=111, child_in=0x25ff, mutation_rate=142, LSFR_input=0x3026, mutation_done=x
Expected child_out=0x25ff, but got 0xxxxx
Details: Probabilistic check passed (LSFR[7:0]=38  < rate=142)
Default mode (no mutation)
------------------------------------------------------------
ERROR: Timeout waiting for mutation_done in test          96
------------------------------------------------------------
>>>ERROR!! test 96: Mode=100, child_in=0x6eb7, mutation_rate=176, LSFR_input=0xe9f3, mutation_done=x
Expected child_out=0x6eb7, but got 0xxxxx
Details: Probabilistic check failed (LSFR[7:0]=243 >= rate=176)
Combined: flip_mask=0xe9f3, pos1=3, pos2=15
------------------------------------------------------------
ERROR: Timeout waiting for mutation_done in test          97
------------------------------------------------------------
>>>ERROR!! test 97: Mode=100, child_in=0x9108, mutation_rate=255, LSFR_input=0x3479, mutation_done=x
Expected child_out=0x5f44, but got 0xxxxx
Details: Probabilistic check passed (LSFR[7:0]=121  < rate=255)
Combined: flip_mask=0x3479, pos1=9, pos2=7
------------------------------------------------------------
ERROR: Timeout waiting for mutation_done in test          98
------------------------------------------------------------
>>>ERROR!! test 98: Mode=11, child_in=0x5e96, mutation_rate=219, LSFR_input=0xebdc, mutation_done=x
Expected child_out=0x5e96, but got 0xxxxx
Details: Probabilistic check failed (LSFR[7:0]=220 >= rate=219)
Scramble: mask=0xebdc
------------------------------------------------------------
ERROR: Timeout waiting for mutation_done in test          99
------------------------------------------------------------
>>>ERROR!! test 99: Mode=11, child_in=0xdc46, mutation_rate=183, LSFR_input=0xb56e, mutation_done=x
Expected child_out=0x2968, but got 0xxxxx
Details: Probabilistic check passed (LSFR[7:0]=110  < rate=183)
Scramble: mask=0xb56e
------------------------------------------------------------
ERROR: Timeout waiting for mutation_done in test         100
------------------------------------------------------------
>>>ERROR!! test 100: Mode=1, child_in=0x6f45, mutation_rate=74, LSFR_input=0x9a33, mutation_done=x
Expected child_out=0x6f45, but got 0xxxxx
Details: Probabilistic check passed (LSFR[7:0]=51  < rate=74)
Bit-Swap: pos1=10, pos2=9
------------------------------------------------------------
ERROR: Timeout waiting for mutation_done in test         101
------------------------------------------------------------
>>>ERROR!! test 101: Mode=111, child_in=0xa420, mutation_rate=229, LSFR_input=0x5c3d, mutation_done=x
Expected child_out=0xa420, but got 0xxxxx
Details: Probabilistic check passed (LSFR[7:0]=61  < rate=229)
Default mode (no mutation)
------------------------------------------------------------
ERROR: Timeout waiting for mutation_done in test         102
------------------------------------------------------------
>>>ERROR!! test 102: Mode=100, child_in=0xa0d8, mutation_rate=22, LSFR_input=0x6f9a, mutation_done=x
Expected child_out=0xa0d8, but got 0xxxxx
Details: Probabilistic check failed (LSFR[7:0]=154 >= rate=22)
Combined: flip_mask=0x6f9a, pos1=10, pos2=9
------------------------------------------------------------
ERROR: Timeout waiting for mutation_done in test         103
------------------------------------------------------------
>>>ERROR!! test 103: Mode=100, child_in=0xd422, mutation_rate=141, LSFR_input=0xf64d, mutation_done=x
Expected child_out=0xd422, but got 0xxxxx
Details: Probabilistic check passed (LSFR[7:0]=77  < rate=141)
Combined: flip_mask=0xf64d, pos1=13, pos2=4
------------------------------------------------------------
ERROR: Timeout waiting for mutation_done in test         104
------------------------------------------------------------
>>>ERROR!! test 104: Mode=100, child_in=0xcf08, mutation_rate=73, LSFR_input=0xfa22, mutation_done=x
Expected child_out=0xcf08, but got 0xxxxx
Details: Probabilistic check passed (LSFR[7:0]=34  < rate=73)
Combined: flip_mask=0xfa22, pos1=10, pos2=15
------------------------------------------------------------
ERROR: Timeout waiting for mutation_done in test         105
------------------------------------------------------------
>>>ERROR!! test 105: Mode=111, child_in=0xf01e, mutation_rate=38, LSFR_input=0x4c75, mutation_done=x
Expected child_out=0xf01e, but got 0xxxxx
Details: Probabilistic check failed (LSFR[7:0]=117 >= rate=38)
Default mode (no mutation)
------------------------------------------------------------
ERROR: Timeout waiting for mutation_done in test         106
------------------------------------------------------------
>>>ERROR!! test 106: Mode=111, child_in=0x13ac, mutation_rate=218, LSFR_input=0xc7fa, mutation_done=x
Expected child_out=0x13ac, but got 0xxxxx
Details: Probabilistic check failed (LSFR[7:0]=250 >= rate=218)
Default mode (no mutation)
------------------------------------------------------------
ERROR: Timeout waiting for mutation_done in test         107
------------------------------------------------------------
>>>ERROR!! test 107: Mode=101, child_in=0xa8f5, mutation_rate=177, LSFR_input=0x9319, mutation_done=x
Expected child_out=0xa8f5, but got 0xxxxx
Details: Probabilistic check passed (LSFR[7:0]=25  < rate=177)
Default mode (no mutation)
------------------------------------------------------------
ERROR: Timeout waiting for mutation_done in test         108
------------------------------------------------------------
>>>ERROR!! test 108: Mode=1, child_in=0x541b, mutation_rate=144, LSFR_input=0x982c, mutation_done=x
Expected child_out=0x441f, but got 0xxxxx
Details: Probabilistic check passed (LSFR[7:0]=44  < rate=144)
Bit-Swap: pos1=12, pos2=2
------------------------------------------------------------
ERROR: Timeout waiting for mutation_done in test         109
------------------------------------------------------------
>>>ERROR!! test 109: Mode=111, child_in=0xb5f6, mutation_rate=142, LSFR_input=0xfc76, mutation_done=x
Expected child_out=0xb5f6, but got 0xxxxx
Details: Probabilistic check passed (LSFR[7:0]=118  < rate=142)
Default mode (no mutation)
------------------------------------------------------------
ERROR: Timeout waiting for mutation_done in test         110
------------------------------------------------------------
>>>ERROR!! test 110: Mode=10, child_in=0xa2a7, mutation_rate=55, LSFR_input=0xce5b, mutation_done=x
Expected child_out=0xa2a7, but got 0xxxxx
Details: Probabilistic check failed (LSFR[7:0]=91 >= rate=55)
Inversion: sorted_start=12, sorted_end=14
------------------------------------------------------------
ERROR: Timeout waiting for mutation_done in test         111
------------------------------------------------------------
>>>ERROR!! test 111: Mode=0, child_in=0xe938, mutation_rate=214, LSFR_input=0xf70d, mutation_done=x
Expected child_out=0x8f5e, but got 0xxxxx
Details: Probabilistic check passed (LSFR[7:0]=13  < rate=214)
Bit-Flip: flip_mask=0xf70d
------------------------------------------------------------
ERROR: Timeout waiting for mutation_done in test         112
------------------------------------------------------------
>>>ERROR!! test 112: Mode=0, child_in=0x79c6, mutation_rate=145, LSFR_input=0x5bc2, mutation_done=x
Expected child_out=0x79c6, but got 0xxxxx
Details: Probabilistic check failed (LSFR[7:0]=194 >= rate=145)
Bit-Flip: flip_mask=0x5bc2
------------------------------------------------------------
ERROR: Timeout waiting for mutation_done in test         113
------------------------------------------------------------
>>>ERROR!! test 113: Mode=0, child_in=0x67fd, mutation_rate=65, LSFR_input=0x5d05, mutation_done=x
Expected child_out=0x45df, but got 0xxxxx
Details: Probabilistic check passed (LSFR[7:0]=5  < rate=65)
Bit-Flip: flip_mask=0x5d05
------------------------------------------------------------
ERROR: Timeout waiting for mutation_done in test         114
------------------------------------------------------------
>>>ERROR!! test 114: Mode=110, child_in=0x5cd4, mutation_rate=153, LSFR_input=0xdf66, mutation_done=x
Expected child_out=0x5cd4, but got 0xxxxx
Details: Probabilistic check passed (LSFR[7:0]=102  < rate=153)
Default mode (no mutation)
------------------------------------------------------------
ERROR: Timeout waiting for mutation_done in test         115
------------------------------------------------------------
>>>ERROR!! test 115: Mode=11, child_in=0xac65, mutation_rate=41, LSFR_input=0xcef7, mutation_done=x
Expected child_out=0xac65, but got 0xxxxx
Details: Probabilistic check failed (LSFR[7:0]=247 >= rate=41)
Scramble: mask=0xcef7
------------------------------------------------------------
ERROR: Timeout waiting for mutation_done in test         116
------------------------------------------------------------
>>>ERROR!! test 116: Mode=111, child_in=0x0ca6, mutation_rate=127, LSFR_input=0x86bb, mutation_done=x
Expected child_out=0x0ca6, but got 0xxxxx
Details: Probabilistic check failed (LSFR[7:0]=187 >= rate=127)
Default mode (no mutation)
------------------------------------------------------------
Tests completed:         116, Errors:         232
$finish called at time : 12235 ns : File "D:/university/studies/FPGA/PJ_FPGA/GA_Genetic_algorithm/GA_backUP/GA_backUP.srcs/sim_1/imports/new/mutation_TB.sv" Line 601
